<?xml version="1.0" encoding="UTF-8"?>
<testsuite name="com.example.project.TestBinary" tests="7" skipped="0" failures="0" errors="0" timestamp="2025-02-19T19:12:40" hostname="codespaces-9586e0" time="0.055">
  <properties/>
  <testcase name="testBinarySearch_SingleElementArray_TargetFound()" classname="com.example.project.TestBinary" time="0.035"/>
  <testcase name="testBinarySearch_TargetNotFound()" classname="com.example.project.TestBinary" time="0.001"/>
  <testcase name="testBinarySearch_SingleElementArray_TargetNotFound()" classname="com.example.project.TestBinary" time="0.002"/>
  <testcase name="testBinarySearch_TargetAtEnd()" classname="com.example.project.TestBinary" time="0.001"/>
  <testcase name="testBinarySearch_TargetFound()" classname="com.example.project.TestBinary" time="0.001"/>
  <testcase name="testBinarySearch_EmptyArray()" classname="com.example.project.TestBinary" time="0.001"/>
  <testcase name="testBinarySearch_TargetAtStart()" classname="com.example.project.TestBinary" time="0.001"/>
  <system-out><![CDATA[1 1 2 3 1 1 2 3 1 1 2 3 ]]></system-out>
  <system-err><![CDATA[]]></system-err>
</testsuite>
